0 info it worked if it ends with ok
1 verbose cli [ '/usr/local/bin/node', '/usr/local/bin/npm', 'run', 'build' ]
2 info using npm@4.1.2
3 info using node@v6.9.5
4 verbose run-script [ 'prebuild', 'build', 'postbuild' ]
5 info lifecycle @josulliv101/connect-async-work@1.1.0~prebuild: @josulliv101/connect-async-work@1.1.0
6 silly lifecycle @josulliv101/connect-async-work@1.1.0~prebuild: no script for prebuild, continuing
7 info lifecycle @josulliv101/connect-async-work@1.1.0~build: @josulliv101/connect-async-work@1.1.0
8 verbose lifecycle @josulliv101/connect-async-work@1.1.0~build: unsafe-perm in lifecycle true
9 verbose lifecycle @josulliv101/connect-async-work@1.1.0~build: PATH: /usr/local/lib/node_modules/npm/bin/node-gyp-bin:/Users/josulliv101/node/connect-async-work/node_modules/.bin:/Users/josulliv101/Library/Android/sdk/tools:~/Library/Android/sdk/platform-tools:/Users/josulliv101/.rvm/gems/ruby-2.0.0-p247/bin:/Users/josulliv101/.rvm/gems/ruby-2.0.0-p247@global/bin:/Users/josulliv101/.rvm/rubies/ruby-2.0.0-p247/bin:/Users/josulliv101/.rvm/bin:/usr/local/bin:/usr/bin:/bin:/usr/sbin:/sbin:/Users/josulliv101/Downloads/vert.x-2.1.2/bin:/usr/local/git/bin:/usr/local/lib/node_modules/karma/bin:/Applications/Postgres.app/Contents/Versions/9.4/bin
10 verbose lifecycle @josulliv101/connect-async-work@1.1.0~build: CWD: /Users/josulliv101/node/connect-async-work
11 silly lifecycle @josulliv101/connect-async-work@1.1.0~build: Args: [ '-c', 'node ./tools/build.js' ]
12 silly lifecycle @josulliv101/connect-async-work@1.1.0~build: Returned: code: 1  signal: null
13 info lifecycle @josulliv101/connect-async-work@1.1.0~build: Failed to exec build script
14 verbose stack Error: @josulliv101/connect-async-work@1.1.0 build: `node ./tools/build.js`
14 verbose stack Exit status 1
14 verbose stack     at EventEmitter.<anonymous> (/usr/local/lib/node_modules/npm/lib/utils/lifecycle.js:279:16)
14 verbose stack     at emitTwo (events.js:106:13)
14 verbose stack     at EventEmitter.emit (events.js:191:7)
14 verbose stack     at ChildProcess.<anonymous> (/usr/local/lib/node_modules/npm/lib/utils/spawn.js:40:14)
14 verbose stack     at emitTwo (events.js:106:13)
14 verbose stack     at ChildProcess.emit (events.js:191:7)
14 verbose stack     at maybeClose (internal/child_process.js:877:16)
14 verbose stack     at Process.ChildProcess._handle.onexit (internal/child_process.js:226:5)
15 verbose pkgid @josulliv101/connect-async-work@1.1.0
16 verbose cwd /Users/josulliv101/node/connect-async-work
17 error Darwin 15.6.0
18 error argv "/usr/local/bin/node" "/usr/local/bin/npm" "run" "build"
19 error node v6.9.5
20 error npm  v4.1.2
21 error code ELIFECYCLE
22 error @josulliv101/connect-async-work@1.1.0 build: `node ./tools/build.js`
22 error Exit status 1
23 error Failed at the @josulliv101/connect-async-work@1.1.0 build script 'node ./tools/build.js'.
23 error Make sure you have the latest version of node.js and npm installed.
23 error If you do, this is most likely a problem with the @josulliv101/connect-async-work package,
23 error not with npm itself.
23 error Tell the author that this fails on your system:
23 error     node ./tools/build.js
23 error You can get information on how to open an issue for this project with:
23 error     npm bugs @josulliv101/connect-async-work
23 error Or if that isn't available, you can get their info via:
23 error     npm owner ls @josulliv101/connect-async-work
23 error There is likely additional logging output above.
24 verbose exit [ 1, true ]
